2020-05-03 09:32:01,423 DEBUG Logging initialized using 'class org.apache.ibatis.logging.slf4j.Slf4jImpl' adapter.
2020-05-03 09:32:01,423 DEBUG PooledDataSource forcefully closed/removed all connections.
2020-05-03 09:32:01,423 DEBUG PooledDataSource forcefully closed/removed all connections.
2020-05-03 09:32:01,423 DEBUG PooledDataSource forcefully closed/removed all connections.
2020-05-03 09:32:01,423 DEBUG PooledDataSource forcefully closed/removed all connections.
2020-05-03 09:32:01,611 DEBUG Created connection 170144208.
2020-05-03 09:32:01,611 DEBUG Returned connection 170144208 to pool.
2020-05-03 09:33:18,934 DEBUG Logging initialized using 'class org.apache.ibatis.logging.slf4j.Slf4jImpl' adapter.
2020-05-03 09:33:18,950 DEBUG PooledDataSource forcefully closed/removed all connections.
2020-05-03 09:33:18,950 DEBUG PooledDataSource forcefully closed/removed all connections.
2020-05-03 09:33:18,950 DEBUG PooledDataSource forcefully closed/removed all connections.
2020-05-03 09:33:18,950 DEBUG PooledDataSource forcefully closed/removed all connections.
2020-05-03 09:33:19,090 DEBUG Created connection 1687940142.
2020-05-03 09:33:19,106 DEBUG Returned connection 1687940142 to pool.
2020-05-03 09:33:19,169 DEBUG Opening JDBC Connection
2020-05-03 09:33:19,169 DEBUG Checked out connection 1687940142 from pool.
2020-05-03 09:33:19,169 DEBUG Setting autocommit to false on JDBC Connection [com.mysql.cj.jdbc.ConnectionImpl@649bec2e]
2020-05-03 09:33:19,184 DEBUG ==>  Preparing: insert into users(username, password, reg_date, state) values (?, ?, ?, ?) 
2020-05-03 09:33:19,215 DEBUG ==> Parameters: root(String), hhh(String), 2020-05-03(Date), 1(Integer)
2020-05-03 09:33:19,215 DEBUG <==    Updates: 1
2020-05-03 09:33:19,215 DEBUG ==>  Preparing: update users set username=?, password=?, state=?, reg_date=? where id=? 
2020-05-03 09:33:19,231 DEBUG ==> Parameters: root(String), hhh(String), 1(Integer), 2020-05-03(Date), 0(Integer)
2020-05-03 09:33:19,231 DEBUG <==    Updates: 0
2020-05-03 09:33:19,231 DEBUG ==>  Preparing: select * from users where id = ? 
2020-05-03 09:33:19,231 DEBUG ==> Parameters: 1(Integer)
2020-05-03 09:33:19,262 DEBUG <==      Total: 1
2020-05-03 09:33:19,262 DEBUG Committing JDBC Connection [com.mysql.cj.jdbc.ConnectionImpl@649bec2e]
2020-05-03 09:33:19,262 DEBUG Resetting autocommit to true on JDBC Connection [com.mysql.cj.jdbc.ConnectionImpl@649bec2e]
2020-05-03 09:33:19,262 DEBUG Closing JDBC Connection [com.mysql.cj.jdbc.ConnectionImpl@649bec2e]
2020-05-03 09:33:19,262 DEBUG Returned connection 1687940142 to pool.
2020-05-03 09:34:52,730 DEBUG Logging initialized using 'class org.apache.ibatis.logging.slf4j.Slf4jImpl' adapter.
2020-05-03 09:34:52,745 DEBUG PooledDataSource forcefully closed/removed all connections.
2020-05-03 09:34:52,745 DEBUG PooledDataSource forcefully closed/removed all connections.
2020-05-03 09:34:52,745 DEBUG PooledDataSource forcefully closed/removed all connections.
2020-05-03 09:34:52,745 DEBUG PooledDataSource forcefully closed/removed all connections.
2020-05-03 09:34:52,901 DEBUG Created connection 837108062.
2020-05-03 09:34:52,901 DEBUG Returned connection 837108062 to pool.
2020-05-03 09:34:52,979 DEBUG Opening JDBC Connection
2020-05-03 09:34:52,979 DEBUG Checked out connection 837108062 from pool.
2020-05-03 09:34:52,979 DEBUG Setting autocommit to false on JDBC Connection [com.mysql.cj.jdbc.ConnectionImpl@31e5415e]
2020-05-03 09:34:52,979 DEBUG ==>  Preparing: select * from person where id = ? 
2020-05-03 09:34:53,026 DEBUG ==> Parameters: 1(Integer)
2020-05-03 09:34:53,058 DEBUG Resetting autocommit to true on JDBC Connection [com.mysql.cj.jdbc.ConnectionImpl@31e5415e]
2020-05-03 09:34:53,058 DEBUG Closing JDBC Connection [com.mysql.cj.jdbc.ConnectionImpl@31e5415e]
2020-05-03 09:34:53,058 DEBUG Returned connection 837108062 to pool.
2020-05-03 09:39:40,381 DEBUG Logging initialized using 'class org.apache.ibatis.logging.slf4j.Slf4jImpl' adapter.
2020-05-03 09:39:40,397 DEBUG PooledDataSource forcefully closed/removed all connections.
2020-05-03 09:39:40,397 DEBUG PooledDataSource forcefully closed/removed all connections.
2020-05-03 09:39:40,397 DEBUG PooledDataSource forcefully closed/removed all connections.
2020-05-03 09:39:40,397 DEBUG PooledDataSource forcefully closed/removed all connections.
2020-05-03 09:39:40,553 DEBUG Created connection 837108062.
2020-05-03 09:39:40,553 DEBUG Returned connection 837108062 to pool.
2020-05-03 09:39:40,631 DEBUG Opening JDBC Connection
2020-05-03 09:39:40,631 DEBUG Checked out connection 837108062 from pool.
2020-05-03 09:39:40,631 DEBUG Setting autocommit to false on JDBC Connection [com.mysql.cj.jdbc.ConnectionImpl@31e5415e]
2020-05-03 09:39:40,631 DEBUG ==>  Preparing: select * from person where id = ? 
2020-05-03 09:39:40,663 DEBUG ==> Parameters: 1(Integer)
2020-05-03 09:39:40,694 DEBUG ====>  Preparing: select * from roles where id = ? 
2020-05-03 09:39:40,694 DEBUG ====> Parameters: 1(Integer)
2020-05-03 09:39:40,694 DEBUG ======>  Preparing: select * from person where rid = ? 
2020-05-03 09:39:40,694 DEBUG ======> Parameters: 1(Integer)
2020-05-03 09:39:40,694 DEBUG <======      Total: 1
2020-05-03 09:39:40,694 DEBUG <====      Total: 1
2020-05-03 09:39:40,694 DEBUG <==      Total: 1
2020-05-03 09:39:40,710 DEBUG Resetting autocommit to true on JDBC Connection [com.mysql.cj.jdbc.ConnectionImpl@31e5415e]
2020-05-03 09:39:40,710 DEBUG Closing JDBC Connection [com.mysql.cj.jdbc.ConnectionImpl@31e5415e]
2020-05-03 09:39:40,710 DEBUG Returned connection 837108062 to pool.
2020-05-03 09:41:11,373 DEBUG Logging initialized using 'class org.apache.ibatis.logging.slf4j.Slf4jImpl' adapter.
2020-05-03 09:41:11,384 DEBUG PooledDataSource forcefully closed/removed all connections.
2020-05-03 09:41:11,384 DEBUG PooledDataSource forcefully closed/removed all connections.
2020-05-03 09:41:11,384 DEBUG PooledDataSource forcefully closed/removed all connections.
2020-05-03 09:41:11,384 DEBUG PooledDataSource forcefully closed/removed all connections.
2020-05-03 09:41:11,557 DEBUG Created connection 837108062.
2020-05-03 09:41:11,558 DEBUG Returned connection 837108062 to pool.
2020-05-03 09:41:11,636 DEBUG Opening JDBC Connection
2020-05-03 09:41:11,636 DEBUG Checked out connection 837108062 from pool.
2020-05-03 09:41:11,636 DEBUG Setting autocommit to false on JDBC Connection [com.mysql.cj.jdbc.ConnectionImpl@31e5415e]
2020-05-03 09:41:11,639 DEBUG ==>  Preparing: select * from person where id = ? 
2020-05-03 09:41:11,667 DEBUG ==> Parameters: 1(Integer)
2020-05-03 09:41:11,700 DEBUG ====>  Preparing: select * from roles where id = ? 
2020-05-03 09:41:11,700 DEBUG ====> Parameters: 1(Integer)
2020-05-03 09:41:11,702 DEBUG <====      Total: 1
2020-05-03 09:41:11,703 DEBUG <==      Total: 1
2020-05-03 09:41:11,704 DEBUG Resetting autocommit to true on JDBC Connection [com.mysql.cj.jdbc.ConnectionImpl@31e5415e]
2020-05-03 09:41:11,705 DEBUG Closing JDBC Connection [com.mysql.cj.jdbc.ConnectionImpl@31e5415e]
2020-05-03 09:41:11,705 DEBUG Returned connection 837108062 to pool.
2020-05-03 09:46:13,546 DEBUG Logging initialized using 'class org.apache.ibatis.logging.slf4j.Slf4jImpl' adapter.
2020-05-03 09:46:13,554 DEBUG PooledDataSource forcefully closed/removed all connections.
2020-05-03 09:46:13,554 DEBUG PooledDataSource forcefully closed/removed all connections.
2020-05-03 09:46:13,554 DEBUG PooledDataSource forcefully closed/removed all connections.
2020-05-03 09:46:13,554 DEBUG PooledDataSource forcefully closed/removed all connections.
2020-05-03 09:46:13,707 DEBUG Created connection 837108062.
2020-05-03 09:46:13,708 DEBUG Returned connection 837108062 to pool.
2020-05-03 09:46:13,787 DEBUG Opening JDBC Connection
2020-05-03 09:46:13,787 DEBUG Checked out connection 837108062 from pool.
2020-05-03 09:46:13,787 DEBUG Setting autocommit to false on JDBC Connection [com.mysql.cj.jdbc.ConnectionImpl@31e5415e]
2020-05-03 09:46:13,790 DEBUG ==>  Preparing: select * from roles where id = ? 
2020-05-03 09:46:13,814 DEBUG ==> Parameters: 1(Integer)
2020-05-03 09:46:13,858 DEBUG ====>  Preparing: select * from person where rid = ? 
2020-05-03 09:46:13,859 DEBUG ====> Parameters: 1(Integer)
2020-05-03 09:46:13,860 DEBUG ======>  Preparing: select * from roles where id = ? 
2020-05-03 09:46:13,861 DEBUG ======> Parameters: 1(Integer)
2020-05-03 09:46:13,863 DEBUG <======      Total: 1
2020-05-03 09:46:13,863 DEBUG <====      Total: 1
2020-05-03 09:46:13,864 DEBUG <==      Total: 1
2020-05-03 09:46:13,864 DEBUG Resetting autocommit to true on JDBC Connection [com.mysql.cj.jdbc.ConnectionImpl@31e5415e]
2020-05-03 09:46:13,865 DEBUG Closing JDBC Connection [com.mysql.cj.jdbc.ConnectionImpl@31e5415e]
2020-05-03 09:46:13,865 DEBUG Returned connection 837108062 to pool.
2020-05-03 09:48:46,366 DEBUG Logging initialized using 'class org.apache.ibatis.logging.slf4j.Slf4jImpl' adapter.
2020-05-03 09:48:46,372 DEBUG PooledDataSource forcefully closed/removed all connections.
2020-05-03 09:48:46,373 DEBUG PooledDataSource forcefully closed/removed all connections.
2020-05-03 09:48:46,373 DEBUG PooledDataSource forcefully closed/removed all connections.
2020-05-03 09:48:46,373 DEBUG PooledDataSource forcefully closed/removed all connections.
2020-05-03 09:48:46,521 DEBUG Created connection 837108062.
2020-05-03 09:48:46,522 DEBUG Returned connection 837108062 to pool.
2020-05-03 09:48:46,602 DEBUG Opening JDBC Connection
2020-05-03 09:48:46,602 DEBUG Checked out connection 837108062 from pool.
2020-05-03 09:48:46,603 DEBUG Setting autocommit to false on JDBC Connection [com.mysql.cj.jdbc.ConnectionImpl@31e5415e]
2020-05-03 09:48:46,605 DEBUG ==>  Preparing: select * from roles where id = ? 
2020-05-03 09:48:46,632 DEBUG ==> Parameters: 1(Integer)
2020-05-03 09:48:46,666 DEBUG ====>  Preparing: select * from person where rid = ? 
2020-05-03 09:48:46,666 DEBUG ====> Parameters: 1(Integer)
2020-05-03 09:48:46,668 DEBUG <====      Total: 1
2020-05-03 09:48:46,668 DEBUG <==      Total: 1
2020-05-03 09:48:46,669 DEBUG Resetting autocommit to true on JDBC Connection [com.mysql.cj.jdbc.ConnectionImpl@31e5415e]
2020-05-03 09:48:46,669 DEBUG Closing JDBC Connection [com.mysql.cj.jdbc.ConnectionImpl@31e5415e]
2020-05-03 09:48:46,669 DEBUG Returned connection 837108062 to pool.
2020-05-03 09:57:17,262 DEBUG Logging initialized using 'class org.apache.ibatis.logging.slf4j.Slf4jImpl' adapter.
2020-05-03 09:57:17,271 DEBUG PooledDataSource forcefully closed/removed all connections.
2020-05-03 09:57:17,271 DEBUG PooledDataSource forcefully closed/removed all connections.
2020-05-03 09:57:17,271 DEBUG PooledDataSource forcefully closed/removed all connections.
2020-05-03 09:57:17,271 DEBUG PooledDataSource forcefully closed/removed all connections.
2020-05-03 09:57:17,432 DEBUG Created connection 837108062.
2020-05-03 09:57:17,433 DEBUG Returned connection 837108062 to pool.
2020-05-03 09:57:17,508 DEBUG Opening JDBC Connection
2020-05-03 09:57:17,508 DEBUG Checked out connection 837108062 from pool.
2020-05-03 09:57:17,508 DEBUG Setting autocommit to false on JDBC Connection [com.mysql.cj.jdbc.ConnectionImpl@31e5415e]
2020-05-03 09:57:17,511 DEBUG ==>  Preparing: select * from roles where id = ? 
2020-05-03 09:57:17,542 DEBUG ==> Parameters: 1(Integer)
2020-05-03 09:57:17,616 DEBUG <==      Total: 1
2020-05-03 09:57:17,617 DEBUG ==>  Preparing: select * from person where rid = ? 
2020-05-03 09:57:17,618 DEBUG ==> Parameters: 1(Integer)
2020-05-03 09:57:17,619 DEBUG <==      Total: 1
2020-05-03 09:57:17,620 DEBUG Resetting autocommit to true on JDBC Connection [com.mysql.cj.jdbc.ConnectionImpl@31e5415e]
2020-05-03 09:57:17,620 DEBUG Closing JDBC Connection [com.mysql.cj.jdbc.ConnectionImpl@31e5415e]
2020-05-03 09:57:17,620 DEBUG Returned connection 837108062 to pool.
